<?xml version="1.0" encoding="UTF-8"?>
<testng-results skipped="0" failed="0" total="1" passed="1">
  <reporter-output>
  </reporter-output>
  <suite name="Default suite" duration-ms="23428" started-at="2018-04-05T03:37:55Z" finished-at="2018-04-05T03:38:19Z">
    <groups>
    </groups>
    <test name="Default test" duration-ms="23428" started-at="2018-04-05T03:37:55Z" finished-at="2018-04-05T03:38:19Z">
      <class name="com.crm.qa.testcases.EndToEndTests">
        <test-method status="PASS" signature="setUp()[pri:0, instance:com.crm.qa.testcases.EndToEndTests@1604470f]" name="setUp" is-config="true" duration-ms="9098" started-at="2018-04-04T22:37:55Z" finished-at="2018-04-04T22:38:04Z">
          <reporter-output>
          </reporter-output>
        </test-method> <!-- setUp -->
        <test-method status="PASS" signature="verifyContactsLinkTest()[pri:0, instance:com.crm.qa.testcases.EndToEndTests@1604470f]" name="verifyContactsLinkTest" duration-ms="14318" started-at="2018-04-04T22:38:04Z" finished-at="2018-04-04T22:38:19Z">
          <reporter-output>
          </reporter-output>
        </test-method> <!-- verifyContactsLinkTest -->
        <test-method status="PASS" signature="tearDown()[pri:0, instance:com.crm.qa.testcases.EndToEndTests@1604470f]" name="tearDown" is-config="true" duration-ms="1" started-at="2018-04-04T22:38:19Z" finished-at="2018-04-04T22:38:19Z">
          <reporter-output>
          </reporter-output>
        </test-method> <!-- tearDown -->
      </class> <!-- com.crm.qa.testcases.EndToEndTests -->
    </test> <!-- Default test -->
  </suite> <!-- Default suite -->
</testng-results>
